<?xml version="1.0" encoding="UTF-8"?>
<!-- Generated by org.testng.reporters.JUnitXMLReporter -->
<testsuite ignored="0" hostname="LAPTOP-A3UC9RTQ" failures="0" tests="7" name="Test" time="0.079" errors="0" timestamp="2021-05-09T16:01:07 IST">
  <testcase classname="testng.TestngPractice" name="rawaSmuta" time="0.008"/>
  <testcase classname="testng.TestngPractice" name="smuta" time="0.001"/>
  <testcase classname="testng.TestngPractice" name="smuta" time="0.003"/>
  <testcase classname="testng.TestngPractice" name="tawaSmuta" time="0.005"/>
  <testcase classname="testng.TestngPractice1" name="haathi" time="0.002"/>
  <testcase classname="testng.TestngPractice1" name="rj" time="0.003"/>
  <testcase classname="testng.TestngPractice1" name="trupti" time="0.002"/>
</testsuite> <!-- Test -->
