<?xml version="1.0" encoding="UTF-8"?>
<testng-results ignored="0" total="7" passed="7" failed="0" skipped="0">
  <reporter-output>
  </reporter-output>
  <suite started-at="2021-05-09T16:01:06 IST" name="Suite" finished-at="2021-05-09T16:01:07 IST" duration-ms="79">
    <groups>
    </groups>
    <test started-at="2021-05-09T16:01:06 IST" name="Test" finished-at="2021-05-09T16:01:07 IST" duration-ms="79">
      <class name="testng.TestngPractice">
        <test-method signature="rawaSmuta()[pri:0, instance:testng.TestngPractice@be35cd9]" started-at="2021-05-09T16:01:06 IST" name="rawaSmuta" finished-at="2021-05-09T16:01:06 IST" duration-ms="8" status="PASS">
          <reporter-output>
          </reporter-output>
        </test-method> <!-- rawaSmuta -->
        <test-method signature="smuta(java.lang.String, java.lang.String)[pri:0, instance:testng.TestngPractice@be35cd9]" started-at="2021-05-09T16:01:06 IST" name="smuta" data-provider="Rohan" finished-at="2021-05-09T16:01:06 IST" duration-ms="1" status="PASS">
          <params>
            <param index="0">
              <value>
                <![CDATA[smuta]]>
              </value>
            </param>
            <param index="1">
              <value>
                <![CDATA[trupti]]>
              </value>
            </param>
          </params>
          <reporter-output>
          </reporter-output>
        </test-method> <!-- smuta -->
        <test-method signature="smuta(java.lang.String, java.lang.String)[pri:0, instance:testng.TestngPractice@be35cd9]" started-at="2021-05-09T16:01:06 IST" name="smuta" data-provider="Rohan" finished-at="2021-05-09T16:01:06 IST" duration-ms="3" status="PASS">
          <params>
            <param index="0">
              <value>
                <![CDATA[sharvari]]>
              </value>
            </param>
            <param index="1">
              <value>
                <![CDATA[tawa]]>
              </value>
            </param>
          </params>
          <reporter-output>
          </reporter-output>
        </test-method> <!-- smuta -->
        <test-method signature="tawaSmuta()[pri:0, instance:testng.TestngPractice@be35cd9]" started-at="2021-05-09T16:01:06 IST" name="tawaSmuta" finished-at="2021-05-09T16:01:06 IST" depends-on-methods="testng.TestngPractice.rawaSmuta" duration-ms="5" status="PASS">
          <reporter-output>
          </reporter-output>
        </test-method> <!-- tawaSmuta -->
      </class> <!-- testng.TestngPractice -->
      <class name="testng.TestngPractice1">
        <test-method signature="haathi()[pri:0, instance:testng.TestngPractice1@4944252c]" started-at="2021-05-09T16:01:07 IST" name="haathi" finished-at="2021-05-09T16:01:07 IST" duration-ms="2" status="PASS">
          <reporter-output>
          </reporter-output>
        </test-method> <!-- haathi -->
        <test-method signature="rj(java.lang.String, java.lang.String)[pri:0, instance:testng.TestngPractice1@4944252c]" started-at="2021-05-09T16:01:07 IST" name="rj" finished-at="2021-05-09T16:01:07 IST" duration-ms="3" status="PASS">
          <params>
            <param index="0">
              <value>
                <![CDATA[www.google.com]]>
              </value>
            </param>
            <param index="1">
              <value>
                <![CDATA[Smuta Revan Sathaye]]>
              </value>
            </param>
          </params>
          <reporter-output>
          </reporter-output>
        </test-method> <!-- rj -->
        <test-method signature="trupti()[pri:0, instance:testng.TestngPractice1@4944252c]" started-at="2021-05-09T16:01:07 IST" name="trupti" finished-at="2021-05-09T16:01:07 IST" duration-ms="2" status="PASS">
          <reporter-output>
          </reporter-output>
        </test-method> <!-- trupti -->
      </class> <!-- testng.TestngPractice1 -->
    </test> <!-- Test -->
  </suite> <!-- Suite -->
</testng-results>
